1.0.0.127.in-addr.arpa
*** Reading local file: /Users/samar/airflow/logs/dag_id=us_immigration_and_demographics_dag/run_id=manual__2022-09-23T07:38:12.376771+00:00/task_id=Load_global_temperature_table/attempt=1.log
[2022-09-23 13:10:10,449] {taskinstance.py:1179} INFO - Dependencies all met for <TaskInstance: us_immigration_and_demographics_dag.Load_global_temperature_table manual__2022-09-23T07:38:12.376771+00:00 [queued]>
[2022-09-23 13:10:10,455] {taskinstance.py:1179} INFO - Dependencies all met for <TaskInstance: us_immigration_and_demographics_dag.Load_global_temperature_table manual__2022-09-23T07:38:12.376771+00:00 [queued]>
[2022-09-23 13:10:10,455] {taskinstance.py:1376} INFO - 
--------------------------------------------------------------------------------
[2022-09-23 13:10:10,455] {taskinstance.py:1377} INFO - Starting attempt 1 of 2
[2022-09-23 13:10:10,455] {taskinstance.py:1378} INFO - 
--------------------------------------------------------------------------------
[2022-09-23 13:10:10,463] {taskinstance.py:1397} INFO - Executing <Task(LoadTableOperator): Load_global_temperature_table> on 2022-09-23 07:38:12.376771+00:00
[2022-09-23 13:10:10,466] {standard_task_runner.py:52} INFO - Started process 23642 to run task
[2022-09-23 13:10:10,472] {standard_task_runner.py:79} INFO - Running: ['airflow', 'tasks', 'run', 'us_immigration_and_demographics_dag', 'Load_global_temperature_table', 'manual__2022-09-23T07:38:12.376771+00:00', '--job-id', '414', '--raw', '--subdir', 'DAGS_FOLDER/us_immigration_and_demographics_dag.py', '--cfg-path', '/var/folders/nw/yq4dq6kn2vq9jtj6_s7xh45h0000gn/T/tmpnuv8r3ea', '--error-file', '/var/folders/nw/yq4dq6kn2vq9jtj6_s7xh45h0000gn/T/tmpa824kkbc']
[2022-09-23 13:10:10,474] {standard_task_runner.py:80} INFO - Job 414: Subtask Load_global_temperature_table
[2022-09-23 13:10:10,519] {task_command.py:371} INFO - Running <TaskInstance: us_immigration_and_demographics_dag.Load_global_temperature_table manual__2022-09-23T07:38:12.376771+00:00 [running]> on host 1.0.0.127.in-addr.arpa
[2022-09-23 13:10:10,560] {taskinstance.py:1589} INFO - Exporting the following env vars:
AIRFLOW_CTX_DAG_OWNER=Samar Javed
AIRFLOW_CTX_DAG_ID=us_immigration_and_demographics_dag
AIRFLOW_CTX_TASK_ID=Load_global_temperature_table
AIRFLOW_CTX_EXECUTION_DATE=2022-09-23T07:38:12.376771+00:00
AIRFLOW_CTX_TRY_NUMBER=1
AIRFLOW_CTX_DAG_RUN_ID=manual__2022-09-23T07:38:12.376771+00:00
[2022-09-23 13:10:10,562] {load_table.py:30} INFO - Truncate table global_temperature 
==========================================================================

[2022-09-23 13:10:10,562] {load_table.py:31} INFO - Load table global_temperature
[2022-09-23 13:10:10,567] {base.py:68} INFO - Using connection ID 'postgres' for task execution.
[2022-09-23 13:10:10,572] {sql.py:315} INFO - Running statement: 
        TRUNCATE TABLE global_temperature;
        INSERT INTO global_temperature
            (SELECT 
                CAST(date AS timestamp), 
                CAST(avg_temperature as FLOAT), 
                CAST(avg_temperature_uncertainty AS FLOAT),
                city, country, latitude, longitude
            FROM staging_global_temperature)
    , parameters: None
[2022-09-23 13:14:19,782] {sql.py:324} INFO - Rows affected: 8599212
[2022-09-23 13:14:19,792] {load_table.py:33} INFO - Values successfully inserted in global_temperature table 
==========================================================================

[2022-09-23 13:14:19,799] {taskinstance.py:1415} INFO - Marking task as SUCCESS. dag_id=us_immigration_and_demographics_dag, task_id=Load_global_temperature_table, execution_date=20220923T073812, start_date=20220923T074010, end_date=20220923T074419
[2022-09-23 13:14:19,840] {local_task_job.py:156} INFO - Task exited with return code 0
[2022-09-23 13:14:19,870] {local_task_job.py:273} INFO - 7 downstream tasks scheduled from follow-on schedule check

