1.0.0.127.in-addr.arpa
*** Reading local file: /Users/samar/airflow/logs/dag_id=us_immigration_and_demographics_dag/run_id=manual__2022-09-23T07:38:12.376771+00:00/task_id=Load_demographics_table/attempt=2.log
[2022-09-23 13:19:36,958] {taskinstance.py:1179} INFO - Dependencies all met for <TaskInstance: us_immigration_and_demographics_dag.Load_demographics_table manual__2022-09-23T07:38:12.376771+00:00 [queued]>
[2022-09-23 13:19:36,964] {taskinstance.py:1179} INFO - Dependencies all met for <TaskInstance: us_immigration_and_demographics_dag.Load_demographics_table manual__2022-09-23T07:38:12.376771+00:00 [queued]>
[2022-09-23 13:19:36,964] {taskinstance.py:1376} INFO - 
--------------------------------------------------------------------------------
[2022-09-23 13:19:36,964] {taskinstance.py:1377} INFO - Starting attempt 2 of 2
[2022-09-23 13:19:36,964] {taskinstance.py:1378} INFO - 
--------------------------------------------------------------------------------
[2022-09-23 13:19:36,973] {taskinstance.py:1397} INFO - Executing <Task(LoadTableOperator): Load_demographics_table> on 2022-09-23 07:38:12.376771+00:00
[2022-09-23 13:19:36,975] {standard_task_runner.py:52} INFO - Started process 23895 to run task
[2022-09-23 13:19:36,981] {standard_task_runner.py:79} INFO - Running: ['airflow', 'tasks', 'run', 'us_immigration_and_demographics_dag', 'Load_demographics_table', 'manual__2022-09-23T07:38:12.376771+00:00', '--job-id', '422', '--raw', '--subdir', 'DAGS_FOLDER/us_immigration_and_demographics_dag.py', '--cfg-path', '/var/folders/nw/yq4dq6kn2vq9jtj6_s7xh45h0000gn/T/tmp_vcvbesm', '--error-file', '/var/folders/nw/yq4dq6kn2vq9jtj6_s7xh45h0000gn/T/tmpa_4glstm']
[2022-09-23 13:19:36,983] {standard_task_runner.py:80} INFO - Job 422: Subtask Load_demographics_table
[2022-09-23 13:19:37,029] {task_command.py:371} INFO - Running <TaskInstance: us_immigration_and_demographics_dag.Load_demographics_table manual__2022-09-23T07:38:12.376771+00:00 [running]> on host 1.0.0.127.in-addr.arpa
[2022-09-23 13:19:37,069] {taskinstance.py:1589} INFO - Exporting the following env vars:
AIRFLOW_CTX_DAG_OWNER=Samar Javed
AIRFLOW_CTX_DAG_ID=us_immigration_and_demographics_dag
AIRFLOW_CTX_TASK_ID=Load_demographics_table
AIRFLOW_CTX_EXECUTION_DATE=2022-09-23T07:38:12.376771+00:00
AIRFLOW_CTX_TRY_NUMBER=2
AIRFLOW_CTX_DAG_RUN_ID=manual__2022-09-23T07:38:12.376771+00:00
[2022-09-23 13:19:37,070] {load_table.py:30} INFO - Truncate table demographics 
==========================================================================

[2022-09-23 13:19:37,070] {load_table.py:31} INFO - Load table demographics
[2022-09-23 13:19:37,075] {base.py:68} INFO - Using connection ID 'postgres' for task execution.
[2022-09-23 13:19:37,093] {sql.py:315} INFO - Running statement: 
    TRUNCATE TABLE demographics CASCADE;
        INSERT INTO demographics
            (SELECT
                city,
                CAST(median_age as float),
                CAST(male_population as int8),
                CAST(female_population as int8),
                CAST(total_population as int8),
                CAST(no_of_veterans as int8),
                CAST(foreign_born as int8),
                CAST(avg_household_size as float),
                state_code,
                race,
                CAST(count as int8) FROM staging_demographics)
    , parameters: None
[2022-09-23 13:19:37,194] {sql.py:324} INFO - Rows affected: 2891
[2022-09-23 13:19:37,197] {load_table.py:33} INFO - Values successfully inserted in demographics table 
==========================================================================

[2022-09-23 13:19:37,204] {taskinstance.py:1415} INFO - Marking task as SUCCESS. dag_id=us_immigration_and_demographics_dag, task_id=Load_demographics_table, execution_date=20220923T073812, start_date=20220923T074936, end_date=20220923T074937
[2022-09-23 13:19:37,248] {local_task_job.py:156} INFO - Task exited with return code 0
[2022-09-23 13:19:37,277] {local_task_job.py:273} INFO - 1 downstream tasks scheduled from follow-on schedule check

