1.0.0.127.in-addr.arpa
*** Reading local file: /Users/samar/airflow/logs/dag_id=us_immigration_and_demographics_dag/run_id=manual__2022-09-23T07:38:12.376771+00:00/task_id=Load_i94port_table/attempt=1.log
[2022-09-23 13:14:46,227] {taskinstance.py:1179} INFO - Dependencies all met for <TaskInstance: us_immigration_and_demographics_dag.Load_i94port_table manual__2022-09-23T07:38:12.376771+00:00 [queued]>
[2022-09-23 13:14:46,234] {taskinstance.py:1179} INFO - Dependencies all met for <TaskInstance: us_immigration_and_demographics_dag.Load_i94port_table manual__2022-09-23T07:38:12.376771+00:00 [queued]>
[2022-09-23 13:14:46,234] {taskinstance.py:1376} INFO - 
--------------------------------------------------------------------------------
[2022-09-23 13:14:46,234] {taskinstance.py:1377} INFO - Starting attempt 1 of 2
[2022-09-23 13:14:46,234] {taskinstance.py:1378} INFO - 
--------------------------------------------------------------------------------
[2022-09-23 13:14:46,243] {taskinstance.py:1397} INFO - Executing <Task(LoadTableOperator): Load_i94port_table> on 2022-09-23 07:38:12.376771+00:00
[2022-09-23 13:14:46,245] {standard_task_runner.py:52} INFO - Started process 23724 to run task
[2022-09-23 13:14:46,251] {standard_task_runner.py:79} INFO - Running: ['airflow', 'tasks', 'run', 'us_immigration_and_demographics_dag', 'Load_i94port_table', 'manual__2022-09-23T07:38:12.376771+00:00', '--job-id', '420', '--raw', '--subdir', 'DAGS_FOLDER/us_immigration_and_demographics_dag.py', '--cfg-path', '/var/folders/nw/yq4dq6kn2vq9jtj6_s7xh45h0000gn/T/tmpii5r2kz4', '--error-file', '/var/folders/nw/yq4dq6kn2vq9jtj6_s7xh45h0000gn/T/tmp91cfloiy']
[2022-09-23 13:14:46,253] {standard_task_runner.py:80} INFO - Job 420: Subtask Load_i94port_table
[2022-09-23 13:14:46,302] {task_command.py:371} INFO - Running <TaskInstance: us_immigration_and_demographics_dag.Load_i94port_table manual__2022-09-23T07:38:12.376771+00:00 [running]> on host 1.0.0.127.in-addr.arpa
[2022-09-23 13:14:46,347] {taskinstance.py:1589} INFO - Exporting the following env vars:
AIRFLOW_CTX_DAG_OWNER=Samar Javed
AIRFLOW_CTX_DAG_ID=us_immigration_and_demographics_dag
AIRFLOW_CTX_TASK_ID=Load_i94port_table
AIRFLOW_CTX_EXECUTION_DATE=2022-09-23T07:38:12.376771+00:00
AIRFLOW_CTX_TRY_NUMBER=1
AIRFLOW_CTX_DAG_RUN_ID=manual__2022-09-23T07:38:12.376771+00:00
[2022-09-23 13:14:46,349] {load_table.py:30} INFO - Truncate table i94port 
==========================================================================

[2022-09-23 13:14:46,349] {load_table.py:31} INFO - Load table i94port
[2022-09-23 13:14:46,354] {base.py:68} INFO - Using connection ID 'postgres' for task execution.
[2022-09-23 13:14:46,365] {sql.py:315} INFO - Running statement: 
        TRUNCATE TABLE i94port CASCADE;
        INSERT INTO i94port
        (SELECT 
            CAST(code AS VARCHAR), 
            port FROM staging_i94port)
    , parameters: None
[2022-09-23 13:14:46,377] {sql.py:324} INFO - Rows affected: 660
[2022-09-23 13:14:46,379] {postgres.py:94} INFO - NOTICE:  truncate cascades to table "immigration"

[2022-09-23 13:14:46,379] {load_table.py:33} INFO - Values successfully inserted in i94port table 
==========================================================================

[2022-09-23 13:14:46,386] {taskinstance.py:1415} INFO - Marking task as SUCCESS. dag_id=us_immigration_and_demographics_dag, task_id=Load_i94port_table, execution_date=20220923T073812, start_date=20220923T074446, end_date=20220923T074446
[2022-09-23 13:14:46,439] {local_task_job.py:156} INFO - Task exited with return code 0
[2022-09-23 13:14:46,465] {local_task_job.py:273} INFO - 0 downstream tasks scheduled from follow-on schedule check

