1.0.0.127.in-addr.arpa
*** Reading local file: /Users/samar/airflow/logs/dag_id=us_immigration_and_demographics_dag/run_id=manual__2022-09-23T07:38:12.376771+00:00/task_id=Load_i94country_table/attempt=1.log
[2022-09-23 13:14:39,414] {taskinstance.py:1179} INFO - Dependencies all met for <TaskInstance: us_immigration_and_demographics_dag.Load_i94country_table manual__2022-09-23T07:38:12.376771+00:00 [queued]>
[2022-09-23 13:14:39,420] {taskinstance.py:1179} INFO - Dependencies all met for <TaskInstance: us_immigration_and_demographics_dag.Load_i94country_table manual__2022-09-23T07:38:12.376771+00:00 [queued]>
[2022-09-23 13:14:39,420] {taskinstance.py:1376} INFO - 
--------------------------------------------------------------------------------
[2022-09-23 13:14:39,420] {taskinstance.py:1377} INFO - Starting attempt 1 of 2
[2022-09-23 13:14:39,420] {taskinstance.py:1378} INFO - 
--------------------------------------------------------------------------------
[2022-09-23 13:14:39,428] {taskinstance.py:1397} INFO - Executing <Task(LoadTableOperator): Load_i94country_table> on 2022-09-23 07:38:12.376771+00:00
[2022-09-23 13:14:39,430] {standard_task_runner.py:52} INFO - Started process 23717 to run task
[2022-09-23 13:14:39,436] {standard_task_runner.py:79} INFO - Running: ['airflow', 'tasks', 'run', 'us_immigration_and_demographics_dag', 'Load_i94country_table', 'manual__2022-09-23T07:38:12.376771+00:00', '--job-id', '418', '--raw', '--subdir', 'DAGS_FOLDER/us_immigration_and_demographics_dag.py', '--cfg-path', '/var/folders/nw/yq4dq6kn2vq9jtj6_s7xh45h0000gn/T/tmpspxbgz_c', '--error-file', '/var/folders/nw/yq4dq6kn2vq9jtj6_s7xh45h0000gn/T/tmpc9u_cb0y']
[2022-09-23 13:14:39,438] {standard_task_runner.py:80} INFO - Job 418: Subtask Load_i94country_table
[2022-09-23 13:14:39,483] {task_command.py:371} INFO - Running <TaskInstance: us_immigration_and_demographics_dag.Load_i94country_table manual__2022-09-23T07:38:12.376771+00:00 [running]> on host 1.0.0.127.in-addr.arpa
[2022-09-23 13:14:39,526] {taskinstance.py:1589} INFO - Exporting the following env vars:
AIRFLOW_CTX_DAG_OWNER=Samar Javed
AIRFLOW_CTX_DAG_ID=us_immigration_and_demographics_dag
AIRFLOW_CTX_TASK_ID=Load_i94country_table
AIRFLOW_CTX_EXECUTION_DATE=2022-09-23T07:38:12.376771+00:00
AIRFLOW_CTX_TRY_NUMBER=1
AIRFLOW_CTX_DAG_RUN_ID=manual__2022-09-23T07:38:12.376771+00:00
[2022-09-23 13:14:39,528] {load_table.py:30} INFO - Truncate table i94country 
==========================================================================

[2022-09-23 13:14:39,528] {load_table.py:31} INFO - Load table i94country
[2022-09-23 13:14:39,533] {base.py:68} INFO - Using connection ID 'postgres' for task execution.
[2022-09-23 13:14:39,539] {sql.py:315} INFO - Running statement: 
        TRUNCATE TABLE i94country CASCADE;
        INSERT INTO i94country
        (SELECT 
                CAST(code AS INT4), 
                country FROM staging_i94country)
    , parameters: None
[2022-09-23 13:14:39,546] {sql.py:324} INFO - Rows affected: 289
[2022-09-23 13:14:39,548] {postgres.py:94} INFO - NOTICE:  truncate cascades to table "immigration"

[2022-09-23 13:14:39,548] {load_table.py:33} INFO - Values successfully inserted in i94country table 
==========================================================================

[2022-09-23 13:14:39,554] {taskinstance.py:1415} INFO - Marking task as SUCCESS. dag_id=us_immigration_and_demographics_dag, task_id=Load_i94country_table, execution_date=20220923T073812, start_date=20220923T074439, end_date=20220923T074439
[2022-09-23 13:14:39,579] {local_task_job.py:156} INFO - Task exited with return code 0
[2022-09-23 13:14:39,605] {local_task_job.py:273} INFO - 0 downstream tasks scheduled from follow-on schedule check

