1.0.0.127.in-addr.arpa
*** Reading local file: /Users/samar/airflow/logs/dag_id=us_immigration_and_demographics_dag/run_id=manual__2022-09-23T07:38:12.376771+00:00/task_id=Load_airport_codes_table/attempt=1.log
[2022-09-23 13:14:28,303] {taskinstance.py:1179} INFO - Dependencies all met for <TaskInstance: us_immigration_and_demographics_dag.Load_airport_codes_table manual__2022-09-23T07:38:12.376771+00:00 [queued]>
[2022-09-23 13:14:28,308] {taskinstance.py:1179} INFO - Dependencies all met for <TaskInstance: us_immigration_and_demographics_dag.Load_airport_codes_table manual__2022-09-23T07:38:12.376771+00:00 [queued]>
[2022-09-23 13:14:28,308] {taskinstance.py:1376} INFO - 
--------------------------------------------------------------------------------
[2022-09-23 13:14:28,308] {taskinstance.py:1377} INFO - Starting attempt 1 of 2
[2022-09-23 13:14:28,308] {taskinstance.py:1378} INFO - 
--------------------------------------------------------------------------------
[2022-09-23 13:14:28,318] {taskinstance.py:1397} INFO - Executing <Task(LoadTableOperator): Load_airport_codes_table> on 2022-09-23 07:38:12.376771+00:00
[2022-09-23 13:14:28,321] {standard_task_runner.py:52} INFO - Started process 23704 to run task
[2022-09-23 13:14:28,327] {standard_task_runner.py:79} INFO - Running: ['airflow', 'tasks', 'run', 'us_immigration_and_demographics_dag', 'Load_airport_codes_table', 'manual__2022-09-23T07:38:12.376771+00:00', '--job-id', '415', '--raw', '--subdir', 'DAGS_FOLDER/us_immigration_and_demographics_dag.py', '--cfg-path', '/var/folders/nw/yq4dq6kn2vq9jtj6_s7xh45h0000gn/T/tmp66f4hwen', '--error-file', '/var/folders/nw/yq4dq6kn2vq9jtj6_s7xh45h0000gn/T/tmplndl7q1q']
[2022-09-23 13:14:28,329] {standard_task_runner.py:80} INFO - Job 415: Subtask Load_airport_codes_table
[2022-09-23 13:14:28,375] {task_command.py:371} INFO - Running <TaskInstance: us_immigration_and_demographics_dag.Load_airport_codes_table manual__2022-09-23T07:38:12.376771+00:00 [running]> on host 1.0.0.127.in-addr.arpa
[2022-09-23 13:14:28,421] {taskinstance.py:1589} INFO - Exporting the following env vars:
AIRFLOW_CTX_DAG_OWNER=Samar Javed
AIRFLOW_CTX_DAG_ID=us_immigration_and_demographics_dag
AIRFLOW_CTX_TASK_ID=Load_airport_codes_table
AIRFLOW_CTX_EXECUTION_DATE=2022-09-23T07:38:12.376771+00:00
AIRFLOW_CTX_TRY_NUMBER=1
AIRFLOW_CTX_DAG_RUN_ID=manual__2022-09-23T07:38:12.376771+00:00
[2022-09-23 13:14:28,422] {load_table.py:30} INFO - Truncate table airport_codes 
==========================================================================

[2022-09-23 13:14:28,422] {load_table.py:31} INFO - Load table airport_codes
[2022-09-23 13:14:28,428] {base.py:68} INFO - Using connection ID 'postgres' for task execution.
[2022-09-23 13:14:28,473] {sql.py:315} INFO - Running statement: 
        TRUNCATE TABLE airport_codes;
        INSERT INTO airport_codes(
            SELECT
                ident,      
                type,
                name,       
                CAST(elevation_ft as float),
                continent,   
                iso_country,     
                iso_region,    
                municipality,   
                gps_code,   
                iata_code,       
                local_code,
                latitude,
                longitude FROM staging_airport_codes)
    , parameters: None
[2022-09-23 13:14:29,426] {sql.py:324} INFO - Rows affected: 55075
[2022-09-23 13:14:29,436] {load_table.py:33} INFO - Values successfully inserted in airport_codes table 
==========================================================================

[2022-09-23 13:14:29,446] {taskinstance.py:1415} INFO - Marking task as SUCCESS. dag_id=us_immigration_and_demographics_dag, task_id=Load_airport_codes_table, execution_date=20220923T073812, start_date=20220923T074428, end_date=20220923T074429
[2022-09-23 13:14:29,494] {local_task_job.py:156} INFO - Task exited with return code 0
[2022-09-23 13:14:29,529] {local_task_job.py:273} INFO - 0 downstream tasks scheduled from follow-on schedule check

