1.0.0.127.in-addr.arpa
*** Reading local file: /Users/samar/airflow/logs/dag_id=us_immigration_and_demographics_dag/run_id=manual__2022-09-23T07:38:12.376771+00:00/task_id=Load_i94address_table/attempt=1.log
[2022-09-23 13:14:35,993] {taskinstance.py:1179} INFO - Dependencies all met for <TaskInstance: us_immigration_and_demographics_dag.Load_i94address_table manual__2022-09-23T07:38:12.376771+00:00 [queued]>
[2022-09-23 13:14:35,999] {taskinstance.py:1179} INFO - Dependencies all met for <TaskInstance: us_immigration_and_demographics_dag.Load_i94address_table manual__2022-09-23T07:38:12.376771+00:00 [queued]>
[2022-09-23 13:14:35,999] {taskinstance.py:1376} INFO - 
--------------------------------------------------------------------------------
[2022-09-23 13:14:35,999] {taskinstance.py:1377} INFO - Starting attempt 1 of 2
[2022-09-23 13:14:36,000] {taskinstance.py:1378} INFO - 
--------------------------------------------------------------------------------
[2022-09-23 13:14:36,007] {taskinstance.py:1397} INFO - Executing <Task(LoadTableOperator): Load_i94address_table> on 2022-09-23 07:38:12.376771+00:00
[2022-09-23 13:14:36,010] {standard_task_runner.py:52} INFO - Started process 23712 to run task
[2022-09-23 13:14:36,016] {standard_task_runner.py:79} INFO - Running: ['airflow', 'tasks', 'run', 'us_immigration_and_demographics_dag', 'Load_i94address_table', 'manual__2022-09-23T07:38:12.376771+00:00', '--job-id', '417', '--raw', '--subdir', 'DAGS_FOLDER/us_immigration_and_demographics_dag.py', '--cfg-path', '/var/folders/nw/yq4dq6kn2vq9jtj6_s7xh45h0000gn/T/tmps2_sqe68', '--error-file', '/var/folders/nw/yq4dq6kn2vq9jtj6_s7xh45h0000gn/T/tmp_g34e6sl']
[2022-09-23 13:14:36,018] {standard_task_runner.py:80} INFO - Job 417: Subtask Load_i94address_table
[2022-09-23 13:14:36,062] {task_command.py:371} INFO - Running <TaskInstance: us_immigration_and_demographics_dag.Load_i94address_table manual__2022-09-23T07:38:12.376771+00:00 [running]> on host 1.0.0.127.in-addr.arpa
[2022-09-23 13:14:36,104] {taskinstance.py:1589} INFO - Exporting the following env vars:
AIRFLOW_CTX_DAG_OWNER=Samar Javed
AIRFLOW_CTX_DAG_ID=us_immigration_and_demographics_dag
AIRFLOW_CTX_TASK_ID=Load_i94address_table
AIRFLOW_CTX_EXECUTION_DATE=2022-09-23T07:38:12.376771+00:00
AIRFLOW_CTX_TRY_NUMBER=1
AIRFLOW_CTX_DAG_RUN_ID=manual__2022-09-23T07:38:12.376771+00:00
[2022-09-23 13:14:36,105] {load_table.py:30} INFO - Truncate table i94address 
==========================================================================

[2022-09-23 13:14:36,105] {load_table.py:31} INFO - Load table i94address
[2022-09-23 13:14:36,109] {base.py:68} INFO - Using connection ID 'postgres' for task execution.
[2022-09-23 13:14:36,115] {sql.py:315} INFO - Running statement: 
        TRUNCATE TABLE i94address CASCADE;
        INSERT INTO i94address
            (SELECT 
                CAST(code AS VARCHAR), 
                state FROM staging_i94address)
    , parameters: None
[2022-09-23 13:14:36,125] {sql.py:324} INFO - Rows affected: 55
[2022-09-23 13:14:36,127] {postgres.py:94} INFO - NOTICE:  truncate cascades to table "immigration"

[2022-09-23 13:14:36,127] {postgres.py:94} INFO - NOTICE:  truncate cascades to table "demographics"

[2022-09-23 13:14:36,127] {load_table.py:33} INFO - Values successfully inserted in i94address table 
==========================================================================

[2022-09-23 13:14:36,134] {taskinstance.py:1415} INFO - Marking task as SUCCESS. dag_id=us_immigration_and_demographics_dag, task_id=Load_i94address_table, execution_date=20220923T073812, start_date=20220923T074435, end_date=20220923T074436
[2022-09-23 13:14:36,155] {local_task_job.py:156} INFO - Task exited with return code 0
[2022-09-23 13:14:36,179] {local_task_job.py:273} INFO - 0 downstream tasks scheduled from follow-on schedule check

